<?xml version="1.0" encoding="UTF-8"?>
<testng-results skipped="0" failed="0" ignored="0" total="1" passed="1">
  <reporter-output>
  </reporter-output>
  <suite name="Default suite" duration-ms="84057" started-at="2019-01-23T12:16:49Z" finished-at="2019-01-23T12:18:13Z">
    <groups>
    </groups>
    <test name="Default test" duration-ms="84057" started-at="2019-01-23T12:16:49Z" finished-at="2019-01-23T12:18:13Z">
      <class name="com.training.sanity.tests.creatNewProject">
        <test-method status="PASS" signature="setUpBeforeClass()[pri:0, instance:com.training.sanity.tests.creatNewProject@91161c7]" name="setUpBeforeClass" is-config="true" duration-ms="13" started-at="2019-01-23T12:16:49Z" finished-at="2019-01-23T12:16:49Z">
          <reporter-output>
          </reporter-output>
        </test-method> <!-- setUpBeforeClass -->
        <test-method status="PASS" signature="setUp()[pri:0, instance:com.training.sanity.tests.creatNewProject@91161c7]" name="setUp" is-config="true" duration-ms="11078" started-at="2019-01-23T12:16:49Z" finished-at="2019-01-23T12:17:00Z">
          <reporter-output>
          </reporter-output>
        </test-method> <!-- setUp -->
        <test-method status="PASS" signature="projectNew()[pri:0, instance:com.training.sanity.tests.creatNewProject@91161c7]" name="projectNew" duration-ms="71078" started-at="2019-01-23T12:17:00Z" finished-at="2019-01-23T12:18:11Z">
          <reporter-output>
          </reporter-output>
        </test-method> <!-- projectNew -->
        <test-method status="PASS" signature="tearDown()[pri:0, instance:com.training.sanity.tests.creatNewProject@91161c7]" name="tearDown" is-config="true" duration-ms="1859" started-at="2019-01-23T12:18:11Z" finished-at="2019-01-23T12:18:13Z">
          <reporter-output>
          </reporter-output>
        </test-method> <!-- tearDown -->
      </class> <!-- com.training.sanity.tests.creatNewProject -->
    </test> <!-- Default test -->
  </suite> <!-- Default suite -->
</testng-results>
