<?xml version="1.0" encoding="UTF-8"?>
<!-- Generated by org.testng.reporters.JUnitXMLReporter -->
<testsuite hostname="DESKTOP-SEGKFC2" ignored="0" name="Default test" tests="4" failures="0" timestamp="05 Feb 2019 06:36:17 GMT" time="127.645" errors="0">
  <testcase name="addNewUser" time="21.175" classname="com.training.regression.tests.InvalidUserDetails"/>
  <testcase name="addNewUser" time="18.91" classname="com.training.regression.tests.InvalidUserDetails"/>
  <testcase name="addNewUser" time="21.332" classname="com.training.regression.tests.InvalidUserDetails"/>
  <testcase name="addNewUser" time="18.737" classname="com.training.regression.tests.InvalidUserDetails"/>
</testsuite> <!-- Default test -->
